2016-10-21 16:08:52,996 [INFO] from application in ForkJoinPool-1-worker-1 - Creating Pool for datasource 'default'
2016-10-21 16:08:53,015 [INFO] from com.zaxxer.hikari.HikariDataSource in ForkJoinPool-1-worker-1 - HikariPool-1 - Started.
2016-10-21 16:08:53,940 [INFO] from play.api.db.DefaultDBApi in ForkJoinPool-1-worker-1 - Database [default] connected at jdbc:mysql://localhost/play
2016-10-21 16:08:54,568 [INFO] from application in ForkJoinPool-1-worker-1 - ApplicationTimer demo: Starting application at 2016-10-21T08:08:54.560Z.
2016-10-21 16:08:55,123 [INFO] from akka.event.slf4j.Slf4jLogger in application-akka.actor.default-dispatcher-4 - Slf4jLogger started
2016-10-21 16:08:55,605 [INFO] from play.api.Play in ForkJoinPool-1-worker-1 - Application started (Dev)
2016-10-21 16:09:44,671 [ERROR] from application in netty-event-loop-4 - 

! @71n990l9a - Internal server error, for (GET) [/] ->
 
play.sbt.PlayExceptions$CompilationException: Compilation error[not enough arguments for method apply: (messages: String, users: Seq[models.Userinfo], username: Any)play.twirl.api.HtmlFormat.Appendable in class search.
Unspecified value parameter username.]
	at play.sbt.PlayExceptions$CompilationException$.apply(PlayExceptions.scala:27)
	at play.sbt.PlayExceptions$CompilationException$.apply(PlayExceptions.scala:27)
	at scala.Option.map(Option.scala:145)
	at play.sbt.run.PlayReload$$anonfun$taskFailureHandler$1.apply(PlayReload.scala:49)
	at play.sbt.run.PlayReload$$anonfun$taskFailureHandler$1.apply(PlayReload.scala:44)
	at scala.Option.map(Option.scala:145)
	at play.sbt.run.PlayReload$.taskFailureHandler(PlayReload.scala:44)
	at play.sbt.run.PlayReload$.compileFailure(PlayReload.scala:40)
	at play.sbt.run.PlayReload$$anonfun$compile$1.apply(PlayReload.scala:17)
	at play.sbt.run.PlayReload$$anonfun$compile$1.apply(PlayReload.scala:17)
	at scala.util.Either$LeftProjection.map(Either.scala:377)
	at play.sbt.run.PlayReload$.compile(PlayReload.scala:17)
	at play.sbt.run.PlayRun$$anonfun$playRunTask$1$$anonfun$apply$2$$anonfun$apply$3$$anonfun$2.apply(PlayRun.scala:61)
	at play.sbt.run.PlayRun$$anonfun$playRunTask$1$$anonfun$apply$2$$anonfun$apply$3$$anonfun$2.apply(PlayRun.scala:61)
	at play.runsupport.Reloader$$anonfun$reload$1.apply(Reloader.scala:339)
	at play.runsupport.Reloader$$anon$3.run(Reloader.scala:44)
	at java.security.AccessController.doPrivileged(Native Method)
	at play.runsupport.Reloader$.play$runsupport$Reloader$$withReloaderContextClassLoader(Reloader.scala:40)
	at play.runsupport.Reloader.reload(Reloader.scala:337)
	at play.core.server.DevServerStart$$anonfun$mainDev$1$$anon$1$$anonfun$get$1.apply(DevServerStart.scala:123)
	at play.core.server.DevServerStart$$anonfun$mainDev$1$$anon$1$$anonfun$get$1.apply(DevServerStart.scala:121)
	at scala.concurrent.impl.Future$PromiseCompletingRunnable.liftedTree1$1(Future.scala:24)
	at scala.concurrent.impl.Future$PromiseCompletingRunnable.run(Future.scala:24)
	at akka.dispatch.TaskInvocation.run(AbstractDispatcher.scala:39)
	at akka.dispatch.ForkJoinExecutorConfigurator$AkkaForkJoinTask.exec(AbstractDispatcher.scala:409)
	at scala.concurrent.forkjoin.ForkJoinTask.doExec(ForkJoinTask.java:260)
	at scala.concurrent.forkjoin.ForkJoinPool$WorkQueue.runTask(ForkJoinPool.java:1339)
	at scala.concurrent.forkjoin.ForkJoinPool.runWorker(ForkJoinPool.java:1979)
	at scala.concurrent.forkjoin.ForkJoinWorkerThread.run(ForkJoinWorkerThread.java:107)
2016-10-21 16:09:55,548 [ERROR] from application in netty-event-loop-4 - 

! @71n991bc1 - Internal server error, for (GET) [/] ->
 
play.sbt.PlayExceptions$CompilationException: Compilation error[not enough arguments for method apply: (messages: String, users: Seq[models.Userinfo], username: Any)play.twirl.api.HtmlFormat.Appendable in class search.
Unspecified value parameter username.]
	at play.sbt.PlayExceptions$CompilationException$.apply(PlayExceptions.scala:27)
	at play.sbt.PlayExceptions$CompilationException$.apply(PlayExceptions.scala:27)
	at scala.Option.map(Option.scala:145)
	at play.sbt.run.PlayReload$$anonfun$taskFailureHandler$1.apply(PlayReload.scala:49)
	at play.sbt.run.PlayReload$$anonfun$taskFailureHandler$1.apply(PlayReload.scala:44)
	at scala.Option.map(Option.scala:145)
	at play.sbt.run.PlayReload$.taskFailureHandler(PlayReload.scala:44)
	at play.sbt.run.PlayReload$.compileFailure(PlayReload.scala:40)
	at play.sbt.run.PlayReload$$anonfun$compile$1.apply(PlayReload.scala:17)
	at play.sbt.run.PlayReload$$anonfun$compile$1.apply(PlayReload.scala:17)
	at scala.util.Either$LeftProjection.map(Either.scala:377)
	at play.sbt.run.PlayReload$.compile(PlayReload.scala:17)
	at play.sbt.run.PlayRun$$anonfun$playRunTask$1$$anonfun$apply$2$$anonfun$apply$3$$anonfun$2.apply(PlayRun.scala:61)
	at play.sbt.run.PlayRun$$anonfun$playRunTask$1$$anonfun$apply$2$$anonfun$apply$3$$anonfun$2.apply(PlayRun.scala:61)
	at play.runsupport.Reloader$$anonfun$reload$1.apply(Reloader.scala:339)
	at play.runsupport.Reloader$$anon$3.run(Reloader.scala:44)
	at java.security.AccessController.doPrivileged(Native Method)
	at play.runsupport.Reloader$.play$runsupport$Reloader$$withReloaderContextClassLoader(Reloader.scala:40)
	at play.runsupport.Reloader.reload(Reloader.scala:337)
	at play.core.server.DevServerStart$$anonfun$mainDev$1$$anon$1$$anonfun$get$1.apply(DevServerStart.scala:123)
	at play.core.server.DevServerStart$$anonfun$mainDev$1$$anon$1$$anonfun$get$1.apply(DevServerStart.scala:121)
	at scala.concurrent.impl.Future$PromiseCompletingRunnable.liftedTree1$1(Future.scala:24)
	at scala.concurrent.impl.Future$PromiseCompletingRunnable.run(Future.scala:24)
	at akka.dispatch.TaskInvocation.run(AbstractDispatcher.scala:39)
	at akka.dispatch.ForkJoinExecutorConfigurator$AkkaForkJoinTask.exec(AbstractDispatcher.scala:409)
	at scala.concurrent.forkjoin.ForkJoinTask.doExec(ForkJoinTask.java:260)
	at scala.concurrent.forkjoin.ForkJoinPool$WorkQueue.runTask(ForkJoinPool.java:1339)
	at scala.concurrent.forkjoin.ForkJoinPool.runWorker(ForkJoinPool.java:1979)
	at scala.concurrent.forkjoin.ForkJoinWorkerThread.run(ForkJoinWorkerThread.java:107)
2016-10-21 16:11:04,882 [ERROR] from application in netty-event-loop-4 - 

! @71n995a0h - Internal server error, for (GET) [/] ->
 
play.sbt.PlayExceptions$CompilationException: Compilation error[not enough arguments for method apply: (messages: String, users: Seq[models.Userinfo], username: Any)play.twirl.api.HtmlFormat.Appendable in class search.
Unspecified value parameter username.]
	at play.sbt.PlayExceptions$CompilationException$.apply(PlayExceptions.scala:27)
	at play.sbt.PlayExceptions$CompilationException$.apply(PlayExceptions.scala:27)
	at scala.Option.map(Option.scala:145)
	at play.sbt.run.PlayReload$$anonfun$taskFailureHandler$1.apply(PlayReload.scala:49)
	at play.sbt.run.PlayReload$$anonfun$taskFailureHandler$1.apply(PlayReload.scala:44)
	at scala.Option.map(Option.scala:145)
	at play.sbt.run.PlayReload$.taskFailureHandler(PlayReload.scala:44)
	at play.sbt.run.PlayReload$.compileFailure(PlayReload.scala:40)
	at play.sbt.run.PlayReload$$anonfun$compile$1.apply(PlayReload.scala:17)
	at play.sbt.run.PlayReload$$anonfun$compile$1.apply(PlayReload.scala:17)
	at scala.util.Either$LeftProjection.map(Either.scala:377)
	at play.sbt.run.PlayReload$.compile(PlayReload.scala:17)
	at play.sbt.run.PlayRun$$anonfun$playRunTask$1$$anonfun$apply$2$$anonfun$apply$3$$anonfun$2.apply(PlayRun.scala:61)
	at play.sbt.run.PlayRun$$anonfun$playRunTask$1$$anonfun$apply$2$$anonfun$apply$3$$anonfun$2.apply(PlayRun.scala:61)
	at play.runsupport.Reloader$$anonfun$reload$1.apply(Reloader.scala:339)
	at play.runsupport.Reloader$$anon$3.run(Reloader.scala:44)
	at java.security.AccessController.doPrivileged(Native Method)
	at play.runsupport.Reloader$.play$runsupport$Reloader$$withReloaderContextClassLoader(Reloader.scala:40)
	at play.runsupport.Reloader.reload(Reloader.scala:337)
	at play.core.server.DevServerStart$$anonfun$mainDev$1$$anon$1$$anonfun$get$1.apply(DevServerStart.scala:123)
	at play.core.server.DevServerStart$$anonfun$mainDev$1$$anon$1$$anonfun$get$1.apply(DevServerStart.scala:121)
	at scala.concurrent.impl.Future$PromiseCompletingRunnable.liftedTree1$1(Future.scala:24)
	at scala.concurrent.impl.Future$PromiseCompletingRunnable.run(Future.scala:24)
	at akka.dispatch.TaskInvocation.run(AbstractDispatcher.scala:39)
	at akka.dispatch.ForkJoinExecutorConfigurator$AkkaForkJoinTask.exec(AbstractDispatcher.scala:409)
	at scala.concurrent.forkjoin.ForkJoinTask.doExec(ForkJoinTask.java:260)
	at scala.concurrent.forkjoin.ForkJoinPool$WorkQueue.runTask(ForkJoinPool.java:1339)
	at scala.concurrent.forkjoin.ForkJoinPool.runWorker(ForkJoinPool.java:1979)
	at scala.concurrent.forkjoin.ForkJoinWorkerThread.run(ForkJoinWorkerThread.java:107)
2016-10-21 16:13:35,530 [ERROR] from application in netty-event-loop-4 - 

! @71n99domm - Internal server error, for (GET) [/] ->
 
play.sbt.PlayExceptions$CompilationException: Compilation error[not enough arguments for method apply: (messages: String, users: Seq[models.Userinfo], username: Any)play.twirl.api.HtmlFormat.Appendable in class search.
Unspecified value parameter username.]
	at play.sbt.PlayExceptions$CompilationException$.apply(PlayExceptions.scala:27)
	at play.sbt.PlayExceptions$CompilationException$.apply(PlayExceptions.scala:27)
	at scala.Option.map(Option.scala:145)
	at play.sbt.run.PlayReload$$anonfun$taskFailureHandler$1.apply(PlayReload.scala:49)
	at play.sbt.run.PlayReload$$anonfun$taskFailureHandler$1.apply(PlayReload.scala:44)
	at scala.Option.map(Option.scala:145)
	at play.sbt.run.PlayReload$.taskFailureHandler(PlayReload.scala:44)
	at play.sbt.run.PlayReload$.compileFailure(PlayReload.scala:40)
	at play.sbt.run.PlayReload$$anonfun$compile$1.apply(PlayReload.scala:17)
	at play.sbt.run.PlayReload$$anonfun$compile$1.apply(PlayReload.scala:17)
	at scala.util.Either$LeftProjection.map(Either.scala:377)
	at play.sbt.run.PlayReload$.compile(PlayReload.scala:17)
	at play.sbt.run.PlayRun$$anonfun$playRunTask$1$$anonfun$apply$2$$anonfun$apply$3$$anonfun$2.apply(PlayRun.scala:61)
	at play.sbt.run.PlayRun$$anonfun$playRunTask$1$$anonfun$apply$2$$anonfun$apply$3$$anonfun$2.apply(PlayRun.scala:61)
	at play.runsupport.Reloader$$anonfun$reload$1.apply(Reloader.scala:339)
	at play.runsupport.Reloader$$anon$3.run(Reloader.scala:44)
	at java.security.AccessController.doPrivileged(Native Method)
	at play.runsupport.Reloader$.play$runsupport$Reloader$$withReloaderContextClassLoader(Reloader.scala:40)
	at play.runsupport.Reloader.reload(Reloader.scala:337)
	at play.core.server.DevServerStart$$anonfun$mainDev$1$$anon$1$$anonfun$get$1.apply(DevServerStart.scala:123)
	at play.core.server.DevServerStart$$anonfun$mainDev$1$$anon$1$$anonfun$get$1.apply(DevServerStart.scala:121)
	at scala.concurrent.impl.Future$PromiseCompletingRunnable.liftedTree1$1(Future.scala:24)
	at scala.concurrent.impl.Future$PromiseCompletingRunnable.run(Future.scala:24)
	at akka.dispatch.TaskInvocation.run(AbstractDispatcher.scala:39)
	at akka.dispatch.ForkJoinExecutorConfigurator$AkkaForkJoinTask.exec(AbstractDispatcher.scala:409)
	at scala.concurrent.forkjoin.ForkJoinTask.doExec(ForkJoinTask.java:260)
	at scala.concurrent.forkjoin.ForkJoinPool$WorkQueue.runTask(ForkJoinPool.java:1339)
	at scala.concurrent.forkjoin.ForkJoinPool.runWorker(ForkJoinPool.java:1979)
	at scala.concurrent.forkjoin.ForkJoinWorkerThread.run(ForkJoinWorkerThread.java:107)
2016-10-21 16:13:45,160 [ERROR] from application in netty-event-loop-4 - 

! @71n99ed37 - Internal server error, for (GET) [/] ->
 
play.sbt.PlayExceptions$CompilationException: Compilation error[not enough arguments for method apply: (messages: String, users: Seq[models.Userinfo], username: Any)play.twirl.api.HtmlFormat.Appendable in class search.
Unspecified value parameter username.]
	at play.sbt.PlayExceptions$CompilationException$.apply(PlayExceptions.scala:27)
	at play.sbt.PlayExceptions$CompilationException$.apply(PlayExceptions.scala:27)
	at scala.Option.map(Option.scala:145)
	at play.sbt.run.PlayReload$$anonfun$taskFailureHandler$1.apply(PlayReload.scala:49)
	at play.sbt.run.PlayReload$$anonfun$taskFailureHandler$1.apply(PlayReload.scala:44)
	at scala.Option.map(Option.scala:145)
	at play.sbt.run.PlayReload$.taskFailureHandler(PlayReload.scala:44)
	at play.sbt.run.PlayReload$.compileFailure(PlayReload.scala:40)
	at play.sbt.run.PlayReload$$anonfun$compile$1.apply(PlayReload.scala:17)
	at play.sbt.run.PlayReload$$anonfun$compile$1.apply(PlayReload.scala:17)
	at scala.util.Either$LeftProjection.map(Either.scala:377)
	at play.sbt.run.PlayReload$.compile(PlayReload.scala:17)
	at play.sbt.run.PlayRun$$anonfun$playRunTask$1$$anonfun$apply$2$$anonfun$apply$3$$anonfun$2.apply(PlayRun.scala:61)
	at play.sbt.run.PlayRun$$anonfun$playRunTask$1$$anonfun$apply$2$$anonfun$apply$3$$anonfun$2.apply(PlayRun.scala:61)
	at play.runsupport.Reloader$$anonfun$reload$1.apply(Reloader.scala:339)
	at play.runsupport.Reloader$$anon$3.run(Reloader.scala:44)
	at java.security.AccessController.doPrivileged(Native Method)
	at play.runsupport.Reloader$.play$runsupport$Reloader$$withReloaderContextClassLoader(Reloader.scala:40)
	at play.runsupport.Reloader.reload(Reloader.scala:337)
	at play.core.server.DevServerStart$$anonfun$mainDev$1$$anon$1$$anonfun$get$1.apply(DevServerStart.scala:123)
	at play.core.server.DevServerStart$$anonfun$mainDev$1$$anon$1$$anonfun$get$1.apply(DevServerStart.scala:121)
	at scala.concurrent.impl.Future$PromiseCompletingRunnable.liftedTree1$1(Future.scala:24)
	at scala.concurrent.impl.Future$PromiseCompletingRunnable.run(Future.scala:24)
	at akka.dispatch.TaskInvocation.run(AbstractDispatcher.scala:39)
	at akka.dispatch.ForkJoinExecutorConfigurator$AkkaForkJoinTask.exec(AbstractDispatcher.scala:409)
	at scala.concurrent.forkjoin.ForkJoinTask.doExec(ForkJoinTask.java:260)
	at scala.concurrent.forkjoin.ForkJoinPool$WorkQueue.runTask(ForkJoinPool.java:1339)
	at scala.concurrent.forkjoin.ForkJoinPool.runWorker(ForkJoinPool.java:1979)
	at scala.concurrent.forkjoin.ForkJoinWorkerThread.run(ForkJoinWorkerThread.java:107)
2016-10-21 16:14:19,105 [INFO] from application in application-akka.actor.default-dispatcher-2 - ApplicationTimer demo: Stopping application at 2016-10-21T08:14:19.104Z after 325s.
2016-10-21 16:14:19,109 [INFO] from application in application-akka.actor.default-dispatcher-2 - Shutting down connection pool.
2016-10-21 16:14:19,117 [INFO] from com.zaxxer.hikari.pool.HikariPool in application-akka.actor.default-dispatcher-2 - HikariPool-1 - Close initiated...
2016-10-21 16:14:19,136 [INFO] from com.zaxxer.hikari.pool.HikariPool in application-akka.actor.default-dispatcher-2 - HikariPool-1 - Closed.
2016-10-21 16:14:19,404 [INFO] from application in application-akka.actor.default-dispatcher-2 - Creating Pool for datasource 'default'
2016-10-21 16:14:19,405 [INFO] from com.zaxxer.hikari.HikariDataSource in application-akka.actor.default-dispatcher-2 - HikariPool-2 - Started.
2016-10-21 16:14:19,465 [INFO] from play.api.db.DefaultDBApi in application-akka.actor.default-dispatcher-2 - Database [default] connected at jdbc:mysql://localhost/play
2016-10-21 16:14:19,492 [INFO] from application in application-akka.actor.default-dispatcher-2 - ApplicationTimer demo: Starting application at 2016-10-21T08:14:19.489Z.
2016-10-21 16:14:19,879 [INFO] from akka.event.slf4j.Slf4jLogger in application-akka.actor.default-dispatcher-2 - Slf4jLogger started
2016-10-21 16:14:19,926 [INFO] from play.api.Play in application-akka.actor.default-dispatcher-2 - Application started (Dev)
2016-10-21 16:15:58,164 [ERROR] from application in netty-event-loop-4 - 

! @71n99m1mk - Internal server error, for (GET) [/users] ->
 
play.sbt.PlayExceptions$CompilationException: Compilation error[not enough arguments for method apply: (messages: String, users: Seq[models.Userinfo], keyword: Any)play.twirl.api.HtmlFormat.Appendable in class search.
Unspecified value parameter keyword.]
	at play.sbt.PlayExceptions$CompilationException$.apply(PlayExceptions.scala:27)
	at play.sbt.PlayExceptions$CompilationException$.apply(PlayExceptions.scala:27)
	at scala.Option.map(Option.scala:145)
	at play.sbt.run.PlayReload$$anonfun$taskFailureHandler$1.apply(PlayReload.scala:49)
	at play.sbt.run.PlayReload$$anonfun$taskFailureHandler$1.apply(PlayReload.scala:44)
	at scala.Option.map(Option.scala:145)
	at play.sbt.run.PlayReload$.taskFailureHandler(PlayReload.scala:44)
	at play.sbt.run.PlayReload$.compileFailure(PlayReload.scala:40)
	at play.sbt.run.PlayReload$$anonfun$compile$1.apply(PlayReload.scala:17)
	at play.sbt.run.PlayReload$$anonfun$compile$1.apply(PlayReload.scala:17)
	at scala.util.Either$LeftProjection.map(Either.scala:377)
	at play.sbt.run.PlayReload$.compile(PlayReload.scala:17)
	at play.sbt.run.PlayRun$$anonfun$playRunTask$1$$anonfun$apply$2$$anonfun$apply$3$$anonfun$2.apply(PlayRun.scala:61)
	at play.sbt.run.PlayRun$$anonfun$playRunTask$1$$anonfun$apply$2$$anonfun$apply$3$$anonfun$2.apply(PlayRun.scala:61)
	at play.runsupport.Reloader$$anonfun$reload$1.apply(Reloader.scala:339)
	at play.runsupport.Reloader$$anon$3.run(Reloader.scala:44)
	at java.security.AccessController.doPrivileged(Native Method)
	at play.runsupport.Reloader$.play$runsupport$Reloader$$withReloaderContextClassLoader(Reloader.scala:40)
	at play.runsupport.Reloader.reload(Reloader.scala:337)
	at play.core.server.DevServerStart$$anonfun$mainDev$1$$anon$1$$anonfun$get$1.apply(DevServerStart.scala:123)
	at play.core.server.DevServerStart$$anonfun$mainDev$1$$anon$1$$anonfun$get$1.apply(DevServerStart.scala:121)
	at scala.concurrent.impl.Future$PromiseCompletingRunnable.liftedTree1$1(Future.scala:24)
	at scala.concurrent.impl.Future$PromiseCompletingRunnable.run(Future.scala:24)
	at akka.dispatch.TaskInvocation.run(AbstractDispatcher.scala:39)
	at akka.dispatch.ForkJoinExecutorConfigurator$AkkaForkJoinTask.exec(AbstractDispatcher.scala:409)
	at scala.concurrent.forkjoin.ForkJoinTask.doExec(ForkJoinTask.java:260)
	at scala.concurrent.forkjoin.ForkJoinPool$WorkQueue.runTask(ForkJoinPool.java:1339)
	at scala.concurrent.forkjoin.ForkJoinPool.runWorker(ForkJoinPool.java:1979)
	at scala.concurrent.forkjoin.ForkJoinWorkerThread.run(ForkJoinWorkerThread.java:107)
2016-10-21 16:18:42,293 [ERROR] from application in netty-event-loop-4 - 

! @71n9a5ah9 - Internal server error, for (GET) [/users] ->
 
play.sbt.PlayExceptions$CompilationException: Compilation error[not enough arguments for method apply: (messages: String, users: Seq[models.Userinfo], keyword: String)play.twirl.api.HtmlFormat.Appendable in class search.
Unspecified value parameter keyword.]
	at play.sbt.PlayExceptions$CompilationException$.apply(PlayExceptions.scala:27)
	at play.sbt.PlayExceptions$CompilationException$.apply(PlayExceptions.scala:27)
	at scala.Option.map(Option.scala:145)
	at play.sbt.run.PlayReload$$anonfun$taskFailureHandler$1.apply(PlayReload.scala:49)
	at play.sbt.run.PlayReload$$anonfun$taskFailureHandler$1.apply(PlayReload.scala:44)
	at scala.Option.map(Option.scala:145)
	at play.sbt.run.PlayReload$.taskFailureHandler(PlayReload.scala:44)
	at play.sbt.run.PlayReload$.compileFailure(PlayReload.scala:40)
	at play.sbt.run.PlayReload$$anonfun$compile$1.apply(PlayReload.scala:17)
	at play.sbt.run.PlayReload$$anonfun$compile$1.apply(PlayReload.scala:17)
	at scala.util.Either$LeftProjection.map(Either.scala:377)
	at play.sbt.run.PlayReload$.compile(PlayReload.scala:17)
	at play.sbt.run.PlayRun$$anonfun$playRunTask$1$$anonfun$apply$2$$anonfun$apply$3$$anonfun$2.apply(PlayRun.scala:61)
	at play.sbt.run.PlayRun$$anonfun$playRunTask$1$$anonfun$apply$2$$anonfun$apply$3$$anonfun$2.apply(PlayRun.scala:61)
	at play.runsupport.Reloader$$anonfun$reload$1.apply(Reloader.scala:339)
	at play.runsupport.Reloader$$anon$3.run(Reloader.scala:44)
	at java.security.AccessController.doPrivileged(Native Method)
	at play.runsupport.Reloader$.play$runsupport$Reloader$$withReloaderContextClassLoader(Reloader.scala:40)
	at play.runsupport.Reloader.reload(Reloader.scala:337)
	at play.core.server.DevServerStart$$anonfun$mainDev$1$$anon$1$$anonfun$get$1.apply(DevServerStart.scala:123)
	at play.core.server.DevServerStart$$anonfun$mainDev$1$$anon$1$$anonfun$get$1.apply(DevServerStart.scala:121)
	at scala.concurrent.impl.Future$PromiseCompletingRunnable.liftedTree1$1(Future.scala:24)
	at scala.concurrent.impl.Future$PromiseCompletingRunnable.run(Future.scala:24)
	at akka.dispatch.TaskInvocation.run(AbstractDispatcher.scala:39)
	at akka.dispatch.ForkJoinExecutorConfigurator$AkkaForkJoinTask.exec(AbstractDispatcher.scala:409)
	at scala.concurrent.forkjoin.ForkJoinTask.doExec(ForkJoinTask.java:260)
	at scala.concurrent.forkjoin.ForkJoinPool$WorkQueue.runTask(ForkJoinPool.java:1339)
	at scala.concurrent.forkjoin.ForkJoinPool.runWorker(ForkJoinPool.java:1979)
	at scala.concurrent.forkjoin.ForkJoinWorkerThread.run(ForkJoinWorkerThread.java:107)
2016-10-21 16:19:01,117 [ERROR] from application in netty-event-loop-4 - 

! @71n9a6cd6 - Internal server error, for (GET) [/users] ->
 
play.sbt.PlayExceptions$CompilationException: Compilation error[not enough arguments for method apply: (messages: String, users: Seq[models.Userinfo], keyword: String)play.twirl.api.HtmlFormat.Appendable in class search.
Unspecified value parameter keyword.]
	at play.sbt.PlayExceptions$CompilationException$.apply(PlayExceptions.scala:27)
	at play.sbt.PlayExceptions$CompilationException$.apply(PlayExceptions.scala:27)
	at scala.Option.map(Option.scala:145)
	at play.sbt.run.PlayReload$$anonfun$taskFailureHandler$1.apply(PlayReload.scala:49)
	at play.sbt.run.PlayReload$$anonfun$taskFailureHandler$1.apply(PlayReload.scala:44)
	at scala.Option.map(Option.scala:145)
	at play.sbt.run.PlayReload$.taskFailureHandler(PlayReload.scala:44)
	at play.sbt.run.PlayReload$.compileFailure(PlayReload.scala:40)
	at play.sbt.run.PlayReload$$anonfun$compile$1.apply(PlayReload.scala:17)
	at play.sbt.run.PlayReload$$anonfun$compile$1.apply(PlayReload.scala:17)
	at scala.util.Either$LeftProjection.map(Either.scala:377)
	at play.sbt.run.PlayReload$.compile(PlayReload.scala:17)
	at play.sbt.run.PlayRun$$anonfun$playRunTask$1$$anonfun$apply$2$$anonfun$apply$3$$anonfun$2.apply(PlayRun.scala:61)
	at play.sbt.run.PlayRun$$anonfun$playRunTask$1$$anonfun$apply$2$$anonfun$apply$3$$anonfun$2.apply(PlayRun.scala:61)
	at play.runsupport.Reloader$$anonfun$reload$1.apply(Reloader.scala:339)
	at play.runsupport.Reloader$$anon$3.run(Reloader.scala:44)
	at java.security.AccessController.doPrivileged(Native Method)
	at play.runsupport.Reloader$.play$runsupport$Reloader$$withReloaderContextClassLoader(Reloader.scala:40)
	at play.runsupport.Reloader.reload(Reloader.scala:337)
	at play.core.server.DevServerStart$$anonfun$mainDev$1$$anon$1$$anonfun$get$1.apply(DevServerStart.scala:123)
	at play.core.server.DevServerStart$$anonfun$mainDev$1$$anon$1$$anonfun$get$1.apply(DevServerStart.scala:121)
	at scala.concurrent.impl.Future$PromiseCompletingRunnable.liftedTree1$1(Future.scala:24)
	at scala.concurrent.impl.Future$PromiseCompletingRunnable.run(Future.scala:24)
	at akka.dispatch.TaskInvocation.run(AbstractDispatcher.scala:39)
	at akka.dispatch.ForkJoinExecutorConfigurator$AkkaForkJoinTask.exec(AbstractDispatcher.scala:409)
	at scala.concurrent.forkjoin.ForkJoinTask.doExec(ForkJoinTask.java:260)
	at scala.concurrent.forkjoin.ForkJoinPool$WorkQueue.runTask(ForkJoinPool.java:1339)
	at scala.concurrent.forkjoin.ForkJoinPool.runWorker(ForkJoinPool.java:1979)
	at scala.concurrent.forkjoin.ForkJoinWorkerThread.run(ForkJoinWorkerThread.java:107)
2016-10-21 16:19:57,332 [ERROR] from application in netty-event-loop-4 - 

! @71n9a9hhe - Internal server error, for (GET) [/users] ->
 
play.sbt.PlayExceptions$CompilationException: Compilation error[not enough arguments for method apply: (messages: String, users: Seq[models.Userinfo], keyword: Any)play.twirl.api.HtmlFormat.Appendable in class search.
Unspecified value parameter keyword.]
	at play.sbt.PlayExceptions$CompilationException$.apply(PlayExceptions.scala:27)
	at play.sbt.PlayExceptions$CompilationException$.apply(PlayExceptions.scala:27)
	at scala.Option.map(Option.scala:145)
	at play.sbt.run.PlayReload$$anonfun$taskFailureHandler$1.apply(PlayReload.scala:49)
	at play.sbt.run.PlayReload$$anonfun$taskFailureHandler$1.apply(PlayReload.scala:44)
	at scala.Option.map(Option.scala:145)
	at play.sbt.run.PlayReload$.taskFailureHandler(PlayReload.scala:44)
	at play.sbt.run.PlayReload$.compileFailure(PlayReload.scala:40)
	at play.sbt.run.PlayReload$$anonfun$compile$1.apply(PlayReload.scala:17)
	at play.sbt.run.PlayReload$$anonfun$compile$1.apply(PlayReload.scala:17)
	at scala.util.Either$LeftProjection.map(Either.scala:377)
	at play.sbt.run.PlayReload$.compile(PlayReload.scala:17)
	at play.sbt.run.PlayRun$$anonfun$playRunTask$1$$anonfun$apply$2$$anonfun$apply$3$$anonfun$2.apply(PlayRun.scala:61)
	at play.sbt.run.PlayRun$$anonfun$playRunTask$1$$anonfun$apply$2$$anonfun$apply$3$$anonfun$2.apply(PlayRun.scala:61)
	at play.runsupport.Reloader$$anonfun$reload$1.apply(Reloader.scala:339)
	at play.runsupport.Reloader$$anon$3.run(Reloader.scala:44)
	at java.security.AccessController.doPrivileged(Native Method)
	at play.runsupport.Reloader$.play$runsupport$Reloader$$withReloaderContextClassLoader(Reloader.scala:40)
	at play.runsupport.Reloader.reload(Reloader.scala:337)
	at play.core.server.DevServerStart$$anonfun$mainDev$1$$anon$1$$anonfun$get$1.apply(DevServerStart.scala:123)
	at play.core.server.DevServerStart$$anonfun$mainDev$1$$anon$1$$anonfun$get$1.apply(DevServerStart.scala:121)
	at scala.concurrent.impl.Future$PromiseCompletingRunnable.liftedTree1$1(Future.scala:24)
	at scala.concurrent.impl.Future$PromiseCompletingRunnable.run(Future.scala:24)
	at akka.dispatch.TaskInvocation.run(AbstractDispatcher.scala:39)
	at akka.dispatch.ForkJoinExecutorConfigurator$AkkaForkJoinTask.exec(AbstractDispatcher.scala:409)
	at scala.concurrent.forkjoin.ForkJoinTask.doExec(ForkJoinTask.java:260)
	at scala.concurrent.forkjoin.ForkJoinPool$WorkQueue.runTask(ForkJoinPool.java:1339)
	at scala.concurrent.forkjoin.ForkJoinPool.runWorker(ForkJoinPool.java:1979)
	at scala.concurrent.forkjoin.ForkJoinWorkerThread.run(ForkJoinWorkerThread.java:107)
2016-10-21 16:25:20,356 [ERROR] from application in netty-event-loop-6 - 

! @71n9b21df - Internal server error, for (GET) [/users] ->
 
play.sbt.PlayExceptions$CompilationException: Compilation error[value search is not a member of controllers.UserController]
	at play.sbt.PlayExceptions$CompilationException$.apply(PlayExceptions.scala:27)
	at play.sbt.PlayExceptions$CompilationException$.apply(PlayExceptions.scala:27)
	at scala.Option.map(Option.scala:145)
	at play.sbt.run.PlayReload$$anonfun$taskFailureHandler$1.apply(PlayReload.scala:49)
	at play.sbt.run.PlayReload$$anonfun$taskFailureHandler$1.apply(PlayReload.scala:44)
	at scala.Option.map(Option.scala:145)
	at play.sbt.run.PlayReload$.taskFailureHandler(PlayReload.scala:44)
	at play.sbt.run.PlayReload$.compileFailure(PlayReload.scala:40)
	at play.sbt.run.PlayReload$$anonfun$compile$1.apply(PlayReload.scala:17)
	at play.sbt.run.PlayReload$$anonfun$compile$1.apply(PlayReload.scala:17)
	at scala.util.Either$LeftProjection.map(Either.scala:377)
	at play.sbt.run.PlayReload$.compile(PlayReload.scala:17)
	at play.sbt.run.PlayRun$$anonfun$playRunTask$1$$anonfun$apply$2$$anonfun$apply$3$$anonfun$2.apply(PlayRun.scala:61)
	at play.sbt.run.PlayRun$$anonfun$playRunTask$1$$anonfun$apply$2$$anonfun$apply$3$$anonfun$2.apply(PlayRun.scala:61)
	at play.runsupport.Reloader$$anonfun$reload$1.apply(Reloader.scala:339)
	at play.runsupport.Reloader$$anon$3.run(Reloader.scala:44)
	at java.security.AccessController.doPrivileged(Native Method)
	at play.runsupport.Reloader$.play$runsupport$Reloader$$withReloaderContextClassLoader(Reloader.scala:40)
	at play.runsupport.Reloader.reload(Reloader.scala:337)
	at play.core.server.DevServerStart$$anonfun$mainDev$1$$anon$1$$anonfun$get$1.apply(DevServerStart.scala:123)
	at play.core.server.DevServerStart$$anonfun$mainDev$1$$anon$1$$anonfun$get$1.apply(DevServerStart.scala:121)
	at scala.concurrent.impl.Future$PromiseCompletingRunnable.liftedTree1$1(Future.scala:24)
	at scala.concurrent.impl.Future$PromiseCompletingRunnable.run(Future.scala:24)
	at akka.dispatch.TaskInvocation.run(AbstractDispatcher.scala:39)
	at akka.dispatch.ForkJoinExecutorConfigurator$AkkaForkJoinTask.exec(AbstractDispatcher.scala:409)
	at scala.concurrent.forkjoin.ForkJoinTask.doExec(ForkJoinTask.java:260)
	at scala.concurrent.forkjoin.ForkJoinPool$WorkQueue.runTask(ForkJoinPool.java:1339)
	at scala.concurrent.forkjoin.ForkJoinPool.runWorker(ForkJoinPool.java:1979)
	at scala.concurrent.forkjoin.ForkJoinWorkerThread.run(ForkJoinWorkerThread.java:107)
2016-10-21 16:25:47,093 [INFO] from application in application-akka.actor.default-dispatcher-5 - ApplicationTimer demo: Stopping application at 2016-10-21T08:25:47.093Z after 688s.
2016-10-21 16:25:47,094 [INFO] from application in application-akka.actor.default-dispatcher-5 - Shutting down connection pool.
2016-10-21 16:25:47,094 [INFO] from com.zaxxer.hikari.pool.HikariPool in application-akka.actor.default-dispatcher-5 - HikariPool-2 - Close initiated...
2016-10-21 16:25:47,115 [INFO] from com.zaxxer.hikari.pool.HikariPool in application-akka.actor.default-dispatcher-5 - HikariPool-2 - Closed.
2016-10-21 16:25:47,300 [INFO] from application in application-akka.actor.default-dispatcher-5 - Creating Pool for datasource 'default'
2016-10-21 16:25:47,301 [INFO] from com.zaxxer.hikari.HikariDataSource in application-akka.actor.default-dispatcher-5 - HikariPool-3 - Started.
2016-10-21 16:25:47,350 [INFO] from play.api.db.DefaultDBApi in application-akka.actor.default-dispatcher-5 - Database [default] connected at jdbc:mysql://localhost/play
2016-10-21 16:25:47,356 [INFO] from application in application-akka.actor.default-dispatcher-5 - ApplicationTimer demo: Starting application at 2016-10-21T08:25:47.352Z.
2016-10-21 16:25:47,604 [INFO] from akka.event.slf4j.Slf4jLogger in application-akka.actor.default-dispatcher-4 - Slf4jLogger started
2016-10-21 16:25:47,664 [INFO] from play.api.Play in application-akka.actor.default-dispatcher-5 - Application started (Dev)
2016-10-21 16:28:55,098 [INFO] from application in application-akka.actor.default-dispatcher-12 - ApplicationTimer demo: Stopping application at 2016-10-21T08:28:55.097Z after 188s.
2016-10-21 16:28:55,098 [INFO] from application in application-akka.actor.default-dispatcher-12 - Shutting down connection pool.
2016-10-21 16:28:55,098 [INFO] from com.zaxxer.hikari.pool.HikariPool in application-akka.actor.default-dispatcher-12 - HikariPool-3 - Close initiated...
2016-10-21 16:28:55,111 [INFO] from com.zaxxer.hikari.pool.HikariPool in application-akka.actor.default-dispatcher-12 - HikariPool-3 - Closed.
2016-10-21 16:28:55,312 [INFO] from application in application-akka.actor.default-dispatcher-12 - Creating Pool for datasource 'default'
2016-10-21 16:28:55,312 [INFO] from com.zaxxer.hikari.HikariDataSource in application-akka.actor.default-dispatcher-12 - HikariPool-4 - Started.
2016-10-21 16:28:58,896 [INFO] from play.api.db.DefaultDBApi in application-akka.actor.default-dispatcher-12 - Database [default] connected at jdbc:mysql://localhost/play
2016-10-21 16:28:58,908 [INFO] from application in application-akka.actor.default-dispatcher-12 - ApplicationTimer demo: Starting application at 2016-10-21T08:28:58.907Z.
2016-10-21 16:28:59,189 [INFO] from akka.event.slf4j.Slf4jLogger in application-akka.actor.default-dispatcher-2 - Slf4jLogger started
2016-10-21 16:28:59,255 [INFO] from play.api.Play in application-akka.actor.default-dispatcher-12 - Application started (Dev)
2016-10-21 16:29:43,414 [INFO] from application in application-akka.actor.default-dispatcher-7 - ApplicationTimer demo: Stopping application at 2016-10-21T08:29:43.414Z after 45s.
2016-10-21 16:29:43,426 [INFO] from application in application-akka.actor.default-dispatcher-7 - Shutting down connection pool.
2016-10-21 16:29:43,427 [INFO] from com.zaxxer.hikari.pool.HikariPool in application-akka.actor.default-dispatcher-7 - HikariPool-4 - Close initiated...
2016-10-21 16:29:43,445 [INFO] from com.zaxxer.hikari.pool.HikariPool in application-akka.actor.default-dispatcher-7 - HikariPool-4 - Closed.
2016-10-21 16:29:43,641 [INFO] from application in application-akka.actor.default-dispatcher-7 - Creating Pool for datasource 'default'
2016-10-21 16:29:43,642 [INFO] from com.zaxxer.hikari.HikariDataSource in application-akka.actor.default-dispatcher-7 - HikariPool-5 - Started.
2016-10-21 16:29:43,673 [INFO] from play.api.db.DefaultDBApi in application-akka.actor.default-dispatcher-7 - Database [default] connected at jdbc:mysql://localhost/play
2016-10-21 16:29:43,700 [INFO] from application in application-akka.actor.default-dispatcher-7 - ApplicationTimer demo: Starting application at 2016-10-21T08:29:43.691Z.
2016-10-21 16:29:43,979 [INFO] from akka.event.slf4j.Slf4jLogger in application-akka.actor.default-dispatcher-2 - Slf4jLogger started
2016-10-21 16:29:44,016 [INFO] from play.api.Play in application-akka.actor.default-dispatcher-7 - Application started (Dev)
2016-10-21 16:37:22,789 [INFO] from application in application-akka.actor.default-dispatcher-2 - ApplicationTimer demo: Stopping application at 2016-10-21T08:37:22.789Z after 459s.
2016-10-21 16:37:22,790 [INFO] from application in application-akka.actor.default-dispatcher-2 - Shutting down connection pool.
2016-10-21 16:37:22,790 [INFO] from com.zaxxer.hikari.pool.HikariPool in application-akka.actor.default-dispatcher-2 - HikariPool-5 - Close initiated...
2016-10-21 16:37:22,802 [INFO] from com.zaxxer.hikari.pool.HikariPool in application-akka.actor.default-dispatcher-2 - HikariPool-5 - Closed.
2016-10-21 16:37:22,983 [INFO] from application in application-akka.actor.default-dispatcher-2 - Creating Pool for datasource 'default'
2016-10-21 16:37:22,983 [INFO] from com.zaxxer.hikari.HikariDataSource in application-akka.actor.default-dispatcher-2 - HikariPool-6 - Started.
2016-10-21 16:37:23,042 [INFO] from play.api.db.DefaultDBApi in application-akka.actor.default-dispatcher-2 - Database [default] connected at jdbc:mysql://localhost/play
2016-10-21 16:37:23,050 [INFO] from application in application-akka.actor.default-dispatcher-2 - ApplicationTimer demo: Starting application at 2016-10-21T08:37:23.044Z.
2016-10-21 16:37:23,317 [INFO] from akka.event.slf4j.Slf4jLogger in application-akka.actor.default-dispatcher-2 - Slf4jLogger started
2016-10-21 16:37:23,372 [INFO] from play.api.Play in application-akka.actor.default-dispatcher-2 - Application started (Dev)
2016-10-21 16:37:38,451 [INFO] from application in application-akka.actor.default-dispatcher-5 - ApplicationTimer demo: Stopping application at 2016-10-21T08:37:38.451Z after 15s.
2016-10-21 16:37:38,451 [INFO] from application in application-akka.actor.default-dispatcher-5 - Shutting down connection pool.
2016-10-21 16:37:38,451 [INFO] from com.zaxxer.hikari.pool.HikariPool in application-akka.actor.default-dispatcher-5 - HikariPool-6 - Close initiated...
2016-10-21 16:37:38,465 [INFO] from com.zaxxer.hikari.pool.HikariPool in application-akka.actor.default-dispatcher-5 - HikariPool-6 - Closed.
2016-10-21 16:37:38,629 [INFO] from application in application-akka.actor.default-dispatcher-5 - Creating Pool for datasource 'default'
2016-10-21 16:37:38,629 [INFO] from com.zaxxer.hikari.HikariDataSource in application-akka.actor.default-dispatcher-5 - HikariPool-7 - Started.
2016-10-21 16:37:38,662 [INFO] from play.api.db.DefaultDBApi in application-akka.actor.default-dispatcher-5 - Database [default] connected at jdbc:mysql://localhost/play
2016-10-21 16:37:38,673 [INFO] from application in application-akka.actor.default-dispatcher-5 - ApplicationTimer demo: Starting application at 2016-10-21T08:37:38.669Z.
2016-10-21 16:37:38,877 [INFO] from akka.event.slf4j.Slf4jLogger in application-akka.actor.default-dispatcher-6 - Slf4jLogger started
2016-10-21 16:37:38,929 [INFO] from play.api.Play in application-akka.actor.default-dispatcher-5 - Application started (Dev)
2016-10-21 16:40:08,600 [INFO] from application in application-akka.actor.default-dispatcher-4 - ApplicationTimer demo: Stopping application at 2016-10-21T08:40:08.600Z after 150s.
2016-10-21 16:40:08,601 [INFO] from application in application-akka.actor.default-dispatcher-4 - Shutting down connection pool.
2016-10-21 16:40:08,601 [INFO] from com.zaxxer.hikari.pool.HikariPool in application-akka.actor.default-dispatcher-4 - HikariPool-7 - Close initiated...
2016-10-21 16:40:08,634 [INFO] from com.zaxxer.hikari.pool.HikariPool in application-akka.actor.default-dispatcher-4 - HikariPool-7 - Closed.
2016-10-21 16:40:08,803 [INFO] from application in application-akka.actor.default-dispatcher-4 - Creating Pool for datasource 'default'
2016-10-21 16:40:08,803 [INFO] from com.zaxxer.hikari.HikariDataSource in application-akka.actor.default-dispatcher-4 - HikariPool-8 - Started.
2016-10-21 16:40:08,849 [INFO] from play.api.db.DefaultDBApi in application-akka.actor.default-dispatcher-4 - Database [default] connected at jdbc:mysql://localhost/play
2016-10-21 16:40:08,854 [INFO] from application in application-akka.actor.default-dispatcher-4 - ApplicationTimer demo: Starting application at 2016-10-21T08:40:08.850Z.
2016-10-21 16:40:09,076 [INFO] from akka.event.slf4j.Slf4jLogger in application-akka.actor.default-dispatcher-3 - Slf4jLogger started
2016-10-21 16:40:09,115 [INFO] from play.api.Play in application-akka.actor.default-dispatcher-4 - Application started (Dev)
2016-10-21 16:40:31,393 [INFO] from application in application-akka.actor.default-dispatcher-4 - ApplicationTimer demo: Stopping application at 2016-10-21T08:40:31.393Z after 23s.
2016-10-21 16:40:31,393 [INFO] from application in application-akka.actor.default-dispatcher-4 - Shutting down connection pool.
2016-10-21 16:40:31,393 [INFO] from com.zaxxer.hikari.pool.HikariPool in application-akka.actor.default-dispatcher-4 - HikariPool-8 - Close initiated...
2016-10-21 16:40:31,407 [INFO] from com.zaxxer.hikari.pool.HikariPool in application-akka.actor.default-dispatcher-4 - HikariPool-8 - Closed.
2016-10-21 16:40:31,538 [INFO] from application in application-akka.actor.default-dispatcher-4 - Creating Pool for datasource 'default'
2016-10-21 16:40:31,539 [INFO] from com.zaxxer.hikari.HikariDataSource in application-akka.actor.default-dispatcher-4 - HikariPool-9 - Started.
2016-10-21 16:40:31,566 [INFO] from play.api.db.DefaultDBApi in application-akka.actor.default-dispatcher-4 - Database [default] connected at jdbc:mysql://localhost/play
2016-10-21 16:40:31,568 [INFO] from application in application-akka.actor.default-dispatcher-4 - ApplicationTimer demo: Starting application at 2016-10-21T08:40:31.567Z.
2016-10-21 16:40:31,715 [INFO] from akka.event.slf4j.Slf4jLogger in application-akka.actor.default-dispatcher-5 - Slf4jLogger started
2016-10-21 16:40:31,744 [INFO] from play.api.Play in application-akka.actor.default-dispatcher-4 - Application started (Dev)
2016-10-21 16:44:40,942 [INFO] from application in application-akka.actor.default-dispatcher-8 - ApplicationTimer demo: Stopping application at 2016-10-21T08:44:40.942Z after 249s.
2016-10-21 16:44:40,943 [INFO] from application in application-akka.actor.default-dispatcher-8 - Shutting down connection pool.
2016-10-21 16:44:40,943 [INFO] from com.zaxxer.hikari.pool.HikariPool in application-akka.actor.default-dispatcher-8 - HikariPool-9 - Close initiated...
2016-10-21 16:44:40,956 [INFO] from com.zaxxer.hikari.pool.HikariPool in application-akka.actor.default-dispatcher-8 - HikariPool-9 - Closed.
2016-10-21 16:44:41,117 [INFO] from application in application-akka.actor.default-dispatcher-8 - Creating Pool for datasource 'default'
2016-10-21 16:44:41,118 [INFO] from com.zaxxer.hikari.HikariDataSource in application-akka.actor.default-dispatcher-8 - HikariPool-10 - Started.
2016-10-21 16:44:41,146 [INFO] from play.api.db.DefaultDBApi in application-akka.actor.default-dispatcher-8 - Database [default] connected at jdbc:mysql://localhost/play
2016-10-21 16:44:41,155 [INFO] from application in application-akka.actor.default-dispatcher-8 - ApplicationTimer demo: Starting application at 2016-10-21T08:44:41.152Z.
2016-10-21 16:44:41,335 [INFO] from akka.event.slf4j.Slf4jLogger in application-akka.actor.default-dispatcher-3 - Slf4jLogger started
2016-10-21 16:44:41,383 [INFO] from play.api.Play in application-akka.actor.default-dispatcher-8 - Application started (Dev)
2016-10-21 16:45:22,066 [INFO] from application in application-akka.actor.default-dispatcher-5 - ApplicationTimer demo: Stopping application at 2016-10-21T08:45:22.066Z after 41s.
2016-10-21 16:45:22,067 [INFO] from application in application-akka.actor.default-dispatcher-5 - Shutting down connection pool.
2016-10-21 16:45:22,067 [INFO] from com.zaxxer.hikari.pool.HikariPool in application-akka.actor.default-dispatcher-5 - HikariPool-10 - Close initiated...
2016-10-21 16:45:22,080 [INFO] from com.zaxxer.hikari.pool.HikariPool in application-akka.actor.default-dispatcher-5 - HikariPool-10 - Closed.
2016-10-21 16:45:22,233 [INFO] from application in application-akka.actor.default-dispatcher-5 - Creating Pool for datasource 'default'
2016-10-21 16:45:22,234 [INFO] from com.zaxxer.hikari.HikariDataSource in application-akka.actor.default-dispatcher-5 - HikariPool-11 - Started.
2016-10-21 16:45:22,512 [INFO] from play.api.db.DefaultDBApi in application-akka.actor.default-dispatcher-5 - Database [default] connected at jdbc:mysql://localhost/play
2016-10-21 16:45:22,517 [INFO] from application in application-akka.actor.default-dispatcher-5 - ApplicationTimer demo: Starting application at 2016-10-21T08:45:22.514Z.
2016-10-21 16:45:22,836 [INFO] from akka.event.slf4j.Slf4jLogger in application-akka.actor.default-dispatcher-4 - Slf4jLogger started
2016-10-21 16:45:22,876 [INFO] from play.api.Play in application-akka.actor.default-dispatcher-5 - Application started (Dev)
2016-10-21 16:49:03,613 [ERROR] from application in netty-event-loop-1 - 

! @71n9e50o5 - Internal server error, for (POST) [/api/users/search] ->
 
play.sbt.PlayExceptions$CompilationException: Compilation error[illegal start of simple expression]
	at play.sbt.PlayExceptions$CompilationException$.apply(PlayExceptions.scala:27)
	at play.sbt.PlayExceptions$CompilationException$.apply(PlayExceptions.scala:27)
	at scala.Option.map(Option.scala:145)
	at play.sbt.run.PlayReload$$anonfun$taskFailureHandler$1.apply(PlayReload.scala:49)
	at play.sbt.run.PlayReload$$anonfun$taskFailureHandler$1.apply(PlayReload.scala:44)
	at scala.Option.map(Option.scala:145)
	at play.sbt.run.PlayReload$.taskFailureHandler(PlayReload.scala:44)
	at play.sbt.run.PlayReload$.compileFailure(PlayReload.scala:40)
	at play.sbt.run.PlayReload$$anonfun$compile$1.apply(PlayReload.scala:17)
	at play.sbt.run.PlayReload$$anonfun$compile$1.apply(PlayReload.scala:17)
	at scala.util.Either$LeftProjection.map(Either.scala:377)
	at play.sbt.run.PlayReload$.compile(PlayReload.scala:17)
	at play.sbt.run.PlayRun$$anonfun$playRunTask$1$$anonfun$apply$2$$anonfun$apply$3$$anonfun$2.apply(PlayRun.scala:61)
	at play.sbt.run.PlayRun$$anonfun$playRunTask$1$$anonfun$apply$2$$anonfun$apply$3$$anonfun$2.apply(PlayRun.scala:61)
	at play.runsupport.Reloader$$anonfun$reload$1.apply(Reloader.scala:339)
	at play.runsupport.Reloader$$anon$3.run(Reloader.scala:44)
	at java.security.AccessController.doPrivileged(Native Method)
	at play.runsupport.Reloader$.play$runsupport$Reloader$$withReloaderContextClassLoader(Reloader.scala:40)
	at play.runsupport.Reloader.reload(Reloader.scala:337)
	at play.core.server.DevServerStart$$anonfun$mainDev$1$$anon$1$$anonfun$get$1.apply(DevServerStart.scala:123)
	at play.core.server.DevServerStart$$anonfun$mainDev$1$$anon$1$$anonfun$get$1.apply(DevServerStart.scala:121)
	at scala.concurrent.impl.Future$PromiseCompletingRunnable.liftedTree1$1(Future.scala:24)
	at scala.concurrent.impl.Future$PromiseCompletingRunnable.run(Future.scala:24)
	at akka.dispatch.TaskInvocation.run(AbstractDispatcher.scala:39)
	at akka.dispatch.ForkJoinExecutorConfigurator$AkkaForkJoinTask.exec(AbstractDispatcher.scala:409)
	at scala.concurrent.forkjoin.ForkJoinTask.doExec(ForkJoinTask.java:260)
	at scala.concurrent.forkjoin.ForkJoinPool$WorkQueue.runTask(ForkJoinPool.java:1339)
	at scala.concurrent.forkjoin.ForkJoinPool.runWorker(ForkJoinPool.java:1979)
	at scala.concurrent.forkjoin.ForkJoinWorkerThread.run(ForkJoinWorkerThread.java:107)
2016-10-21 16:50:22,888 [INFO] from application in application-akka.actor.default-dispatcher-8 - ApplicationTimer demo: Stopping application at 2016-10-21T08:50:22.888Z after 300s.
2016-10-21 16:50:22,889 [INFO] from application in application-akka.actor.default-dispatcher-8 - Shutting down connection pool.
2016-10-21 16:50:22,889 [INFO] from com.zaxxer.hikari.pool.HikariPool in application-akka.actor.default-dispatcher-8 - HikariPool-11 - Close initiated...
2016-10-21 16:50:22,901 [INFO] from com.zaxxer.hikari.pool.HikariPool in application-akka.actor.default-dispatcher-8 - HikariPool-11 - Closed.
2016-10-21 16:50:23,049 [INFO] from application in application-akka.actor.default-dispatcher-8 - Creating Pool for datasource 'default'
2016-10-21 16:50:23,049 [INFO] from com.zaxxer.hikari.HikariDataSource in application-akka.actor.default-dispatcher-8 - HikariPool-12 - Started.
2016-10-21 16:50:23,077 [INFO] from play.api.db.DefaultDBApi in application-akka.actor.default-dispatcher-8 - Database [default] connected at jdbc:mysql://localhost/play
2016-10-21 16:50:23,082 [INFO] from application in application-akka.actor.default-dispatcher-8 - ApplicationTimer demo: Starting application at 2016-10-21T08:50:23.078Z.
2016-10-21 16:50:23,339 [INFO] from akka.event.slf4j.Slf4jLogger in application-akka.actor.default-dispatcher-2 - Slf4jLogger started
2016-10-21 16:50:23,395 [INFO] from play.api.Play in application-akka.actor.default-dispatcher-8 - Application started (Dev)
2016-10-21 16:54:09,266 [INFO] from application in application-akka.actor.default-dispatcher-6 - ApplicationTimer demo: Stopping application at 2016-10-21T08:54:09.266Z after 226s.
2016-10-21 16:54:09,266 [INFO] from application in application-akka.actor.default-dispatcher-6 - Shutting down connection pool.
2016-10-21 16:54:09,267 [INFO] from com.zaxxer.hikari.pool.HikariPool in application-akka.actor.default-dispatcher-6 - HikariPool-12 - Close initiated...
2016-10-21 16:54:09,283 [INFO] from com.zaxxer.hikari.pool.HikariPool in application-akka.actor.default-dispatcher-6 - HikariPool-12 - Closed.
2016-10-21 16:54:09,421 [INFO] from application in application-akka.actor.default-dispatcher-6 - Creating Pool for datasource 'default'
2016-10-21 16:54:09,421 [INFO] from com.zaxxer.hikari.HikariDataSource in application-akka.actor.default-dispatcher-6 - HikariPool-13 - Started.
2016-10-21 16:54:09,459 [INFO] from play.api.db.DefaultDBApi in application-akka.actor.default-dispatcher-6 - Database [default] connected at jdbc:mysql://localhost/play
2016-10-21 16:54:09,464 [INFO] from application in application-akka.actor.default-dispatcher-6 - ApplicationTimer demo: Starting application at 2016-10-21T08:54:09.460Z.
2016-10-21 16:54:09,677 [INFO] from akka.event.slf4j.Slf4jLogger in application-akka.actor.default-dispatcher-2 - Slf4jLogger started
2016-10-21 16:54:09,708 [INFO] from play.api.Play in application-akka.actor.default-dispatcher-6 - Application started (Dev)
2016-10-21 16:54:24,331 [ERROR] from application in netty-event-loop-2 - 

! @71n9en79d - Internal server error, for (POST) [/api/users/search] ->
 
play.sbt.PlayExceptions$CompilationException: Compilation error[invalid escape character]
	at play.sbt.PlayExceptions$CompilationException$.apply(PlayExceptions.scala:27)
	at play.sbt.PlayExceptions$CompilationException$.apply(PlayExceptions.scala:27)
	at scala.Option.map(Option.scala:145)
	at play.sbt.run.PlayReload$$anonfun$taskFailureHandler$1.apply(PlayReload.scala:49)
	at play.sbt.run.PlayReload$$anonfun$taskFailureHandler$1.apply(PlayReload.scala:44)
	at scala.Option.map(Option.scala:145)
	at play.sbt.run.PlayReload$.taskFailureHandler(PlayReload.scala:44)
	at play.sbt.run.PlayReload$.compileFailure(PlayReload.scala:40)
	at play.sbt.run.PlayReload$$anonfun$compile$1.apply(PlayReload.scala:17)
	at play.sbt.run.PlayReload$$anonfun$compile$1.apply(PlayReload.scala:17)
	at scala.util.Either$LeftProjection.map(Either.scala:377)
	at play.sbt.run.PlayReload$.compile(PlayReload.scala:17)
	at play.sbt.run.PlayRun$$anonfun$playRunTask$1$$anonfun$apply$2$$anonfun$apply$3$$anonfun$2.apply(PlayRun.scala:61)
	at play.sbt.run.PlayRun$$anonfun$playRunTask$1$$anonfun$apply$2$$anonfun$apply$3$$anonfun$2.apply(PlayRun.scala:61)
	at play.runsupport.Reloader$$anonfun$reload$1.apply(Reloader.scala:339)
	at play.runsupport.Reloader$$anon$3.run(Reloader.scala:44)
	at java.security.AccessController.doPrivileged(Native Method)
	at play.runsupport.Reloader$.play$runsupport$Reloader$$withReloaderContextClassLoader(Reloader.scala:40)
	at play.runsupport.Reloader.reload(Reloader.scala:337)
	at play.core.server.DevServerStart$$anonfun$mainDev$1$$anon$1$$anonfun$get$1.apply(DevServerStart.scala:123)
	at play.core.server.DevServerStart$$anonfun$mainDev$1$$anon$1$$anonfun$get$1.apply(DevServerStart.scala:121)
	at scala.concurrent.impl.Future$PromiseCompletingRunnable.liftedTree1$1(Future.scala:24)
	at scala.concurrent.impl.Future$PromiseCompletingRunnable.run(Future.scala:24)
	at akka.dispatch.TaskInvocation.run(AbstractDispatcher.scala:39)
	at akka.dispatch.ForkJoinExecutorConfigurator$AkkaForkJoinTask.exec(AbstractDispatcher.scala:409)
	at scala.concurrent.forkjoin.ForkJoinTask.doExec(ForkJoinTask.java:260)
	at scala.concurrent.forkjoin.ForkJoinPool$WorkQueue.runTask(ForkJoinPool.java:1339)
	at scala.concurrent.forkjoin.ForkJoinPool.runWorker(ForkJoinPool.java:1979)
	at scala.concurrent.forkjoin.ForkJoinWorkerThread.run(ForkJoinWorkerThread.java:107)
2016-10-21 16:56:26,246 [INFO] from application in application-akka.actor.default-dispatcher-6 - ApplicationTimer demo: Stopping application at 2016-10-21T08:56:26.246Z after 137s.
2016-10-21 16:56:26,247 [INFO] from application in application-akka.actor.default-dispatcher-6 - Shutting down connection pool.
2016-10-21 16:56:26,247 [INFO] from com.zaxxer.hikari.pool.HikariPool in application-akka.actor.default-dispatcher-6 - HikariPool-13 - Close initiated...
2016-10-21 16:56:26,267 [INFO] from com.zaxxer.hikari.pool.HikariPool in application-akka.actor.default-dispatcher-6 - HikariPool-13 - Closed.
2016-10-21 16:56:26,404 [INFO] from application in application-akka.actor.default-dispatcher-6 - Creating Pool for datasource 'default'
2016-10-21 16:56:26,405 [INFO] from com.zaxxer.hikari.HikariDataSource in application-akka.actor.default-dispatcher-6 - HikariPool-14 - Started.
2016-10-21 16:56:26,436 [INFO] from play.api.db.DefaultDBApi in application-akka.actor.default-dispatcher-6 - Database [default] connected at jdbc:mysql://localhost/play
2016-10-21 16:56:26,441 [INFO] from application in application-akka.actor.default-dispatcher-6 - ApplicationTimer demo: Starting application at 2016-10-21T08:56:26.437Z.
2016-10-21 16:56:26,616 [INFO] from akka.event.slf4j.Slf4jLogger in application-akka.actor.default-dispatcher-2 - Slf4jLogger started
2016-10-21 16:56:26,672 [INFO] from play.api.Play in application-akka.actor.default-dispatcher-6 - Application started (Dev)
2016-10-21 16:57:07,925 [ERROR] from application in netty-event-loop-1 - 

! @71n9f6f9g - Internal server error, for (POST) [/api/users/search] ->
 
play.sbt.PlayExceptions$CompilationException: Compilation error[invalid escape character]
	at play.sbt.PlayExceptions$CompilationException$.apply(PlayExceptions.scala:27)
	at play.sbt.PlayExceptions$CompilationException$.apply(PlayExceptions.scala:27)
	at scala.Option.map(Option.scala:145)
	at play.sbt.run.PlayReload$$anonfun$taskFailureHandler$1.apply(PlayReload.scala:49)
	at play.sbt.run.PlayReload$$anonfun$taskFailureHandler$1.apply(PlayReload.scala:44)
	at scala.Option.map(Option.scala:145)
	at play.sbt.run.PlayReload$.taskFailureHandler(PlayReload.scala:44)
	at play.sbt.run.PlayReload$.compileFailure(PlayReload.scala:40)
	at play.sbt.run.PlayReload$$anonfun$compile$1.apply(PlayReload.scala:17)
	at play.sbt.run.PlayReload$$anonfun$compile$1.apply(PlayReload.scala:17)
	at scala.util.Either$LeftProjection.map(Either.scala:377)
	at play.sbt.run.PlayReload$.compile(PlayReload.scala:17)
	at play.sbt.run.PlayRun$$anonfun$playRunTask$1$$anonfun$apply$2$$anonfun$apply$3$$anonfun$2.apply(PlayRun.scala:61)
	at play.sbt.run.PlayRun$$anonfun$playRunTask$1$$anonfun$apply$2$$anonfun$apply$3$$anonfun$2.apply(PlayRun.scala:61)
	at play.runsupport.Reloader$$anonfun$reload$1.apply(Reloader.scala:339)
	at play.runsupport.Reloader$$anon$3.run(Reloader.scala:44)
	at java.security.AccessController.doPrivileged(Native Method)
	at play.runsupport.Reloader$.play$runsupport$Reloader$$withReloaderContextClassLoader(Reloader.scala:40)
	at play.runsupport.Reloader.reload(Reloader.scala:337)
	at play.core.server.DevServerStart$$anonfun$mainDev$1$$anon$1$$anonfun$get$1.apply(DevServerStart.scala:123)
	at play.core.server.DevServerStart$$anonfun$mainDev$1$$anon$1$$anonfun$get$1.apply(DevServerStart.scala:121)
	at scala.concurrent.impl.Future$PromiseCompletingRunnable.liftedTree1$1(Future.scala:24)
	at scala.concurrent.impl.Future$PromiseCompletingRunnable.run(Future.scala:24)
	at akka.dispatch.TaskInvocation.run(AbstractDispatcher.scala:39)
	at akka.dispatch.ForkJoinExecutorConfigurator$AkkaForkJoinTask.exec(AbstractDispatcher.scala:409)
	at scala.concurrent.forkjoin.ForkJoinTask.doExec(ForkJoinTask.java:260)
	at scala.concurrent.forkjoin.ForkJoinPool$WorkQueue.runTask(ForkJoinPool.java:1339)
	at scala.concurrent.forkjoin.ForkJoinPool.runWorker(ForkJoinPool.java:1979)
	at scala.concurrent.forkjoin.ForkJoinWorkerThread.run(ForkJoinWorkerThread.java:107)
2016-10-21 16:57:14,271 [ERROR] from application in netty-event-loop-1 - 

! @71n9f6ojh - Internal server error, for (POST) [/api/users/search] ->
 
play.sbt.PlayExceptions$CompilationException: Compilation error[invalid escape character]
	at play.sbt.PlayExceptions$CompilationException$.apply(PlayExceptions.scala:27)
	at play.sbt.PlayExceptions$CompilationException$.apply(PlayExceptions.scala:27)
	at scala.Option.map(Option.scala:145)
	at play.sbt.run.PlayReload$$anonfun$taskFailureHandler$1.apply(PlayReload.scala:49)
	at play.sbt.run.PlayReload$$anonfun$taskFailureHandler$1.apply(PlayReload.scala:44)
	at scala.Option.map(Option.scala:145)
	at play.sbt.run.PlayReload$.taskFailureHandler(PlayReload.scala:44)
	at play.sbt.run.PlayReload$.compileFailure(PlayReload.scala:40)
	at play.sbt.run.PlayReload$$anonfun$compile$1.apply(PlayReload.scala:17)
	at play.sbt.run.PlayReload$$anonfun$compile$1.apply(PlayReload.scala:17)
	at scala.util.Either$LeftProjection.map(Either.scala:377)
	at play.sbt.run.PlayReload$.compile(PlayReload.scala:17)
	at play.sbt.run.PlayRun$$anonfun$playRunTask$1$$anonfun$apply$2$$anonfun$apply$3$$anonfun$2.apply(PlayRun.scala:61)
	at play.sbt.run.PlayRun$$anonfun$playRunTask$1$$anonfun$apply$2$$anonfun$apply$3$$anonfun$2.apply(PlayRun.scala:61)
	at play.runsupport.Reloader$$anonfun$reload$1.apply(Reloader.scala:339)
	at play.runsupport.Reloader$$anon$3.run(Reloader.scala:44)
	at java.security.AccessController.doPrivileged(Native Method)
	at play.runsupport.Reloader$.play$runsupport$Reloader$$withReloaderContextClassLoader(Reloader.scala:40)
	at play.runsupport.Reloader.reload(Reloader.scala:337)
	at play.core.server.DevServerStart$$anonfun$mainDev$1$$anon$1$$anonfun$get$1.apply(DevServerStart.scala:123)
	at play.core.server.DevServerStart$$anonfun$mainDev$1$$anon$1$$anonfun$get$1.apply(DevServerStart.scala:121)
	at scala.concurrent.impl.Future$PromiseCompletingRunnable.liftedTree1$1(Future.scala:24)
	at scala.concurrent.impl.Future$PromiseCompletingRunnable.run(Future.scala:24)
	at akka.dispatch.TaskInvocation.run(AbstractDispatcher.scala:39)
	at akka.dispatch.ForkJoinExecutorConfigurator$AkkaForkJoinTask.exec(AbstractDispatcher.scala:409)
	at scala.concurrent.forkjoin.ForkJoinTask.doExec(ForkJoinTask.java:260)
	at scala.concurrent.forkjoin.ForkJoinPool$WorkQueue.runTask(ForkJoinPool.java:1339)
	at scala.concurrent.forkjoin.ForkJoinPool.runWorker(ForkJoinPool.java:1979)
	at scala.concurrent.forkjoin.ForkJoinWorkerThread.run(ForkJoinWorkerThread.java:107)
2016-10-21 16:58:45,031 [ERROR] from application in netty-event-loop-1 - 

! @71n9fc30b - Internal server error, for (POST) [/api/users/search] ->
 
play.sbt.PlayExceptions$CompilationException: Compilation error[invalid escape character]
	at play.sbt.PlayExceptions$CompilationException$.apply(PlayExceptions.scala:27)
	at play.sbt.PlayExceptions$CompilationException$.apply(PlayExceptions.scala:27)
	at scala.Option.map(Option.scala:145)
	at play.sbt.run.PlayReload$$anonfun$taskFailureHandler$1.apply(PlayReload.scala:49)
	at play.sbt.run.PlayReload$$anonfun$taskFailureHandler$1.apply(PlayReload.scala:44)
	at scala.Option.map(Option.scala:145)
	at play.sbt.run.PlayReload$.taskFailureHandler(PlayReload.scala:44)
	at play.sbt.run.PlayReload$.compileFailure(PlayReload.scala:40)
	at play.sbt.run.PlayReload$$anonfun$compile$1.apply(PlayReload.scala:17)
	at play.sbt.run.PlayReload$$anonfun$compile$1.apply(PlayReload.scala:17)
	at scala.util.Either$LeftProjection.map(Either.scala:377)
	at play.sbt.run.PlayReload$.compile(PlayReload.scala:17)
	at play.sbt.run.PlayRun$$anonfun$playRunTask$1$$anonfun$apply$2$$anonfun$apply$3$$anonfun$2.apply(PlayRun.scala:61)
	at play.sbt.run.PlayRun$$anonfun$playRunTask$1$$anonfun$apply$2$$anonfun$apply$3$$anonfun$2.apply(PlayRun.scala:61)
	at play.runsupport.Reloader$$anonfun$reload$1.apply(Reloader.scala:339)
	at play.runsupport.Reloader$$anon$3.run(Reloader.scala:44)
	at java.security.AccessController.doPrivileged(Native Method)
	at play.runsupport.Reloader$.play$runsupport$Reloader$$withReloaderContextClassLoader(Reloader.scala:40)
	at play.runsupport.Reloader.reload(Reloader.scala:337)
	at play.core.server.DevServerStart$$anonfun$mainDev$1$$anon$1$$anonfun$get$1.apply(DevServerStart.scala:123)
	at play.core.server.DevServerStart$$anonfun$mainDev$1$$anon$1$$anonfun$get$1.apply(DevServerStart.scala:121)
	at scala.concurrent.impl.Future$PromiseCompletingRunnable.liftedTree1$1(Future.scala:24)
	at scala.concurrent.impl.Future$PromiseCompletingRunnable.run(Future.scala:24)
	at akka.dispatch.TaskInvocation.run(AbstractDispatcher.scala:39)
	at akka.dispatch.ForkJoinExecutorConfigurator$AkkaForkJoinTask.exec(AbstractDispatcher.scala:409)
	at scala.concurrent.forkjoin.ForkJoinTask.doExec(ForkJoinTask.java:260)
	at scala.concurrent.forkjoin.ForkJoinPool$WorkQueue.runTask(ForkJoinPool.java:1339)
	at scala.concurrent.forkjoin.ForkJoinPool.runWorker(ForkJoinPool.java:1979)
	at scala.concurrent.forkjoin.ForkJoinWorkerThread.run(ForkJoinWorkerThread.java:107)
2016-10-21 16:58:48,121 [ERROR] from application in netty-event-loop-1 - 

! @71n9fc7f6 - Internal server error, for (POST) [/api/users/search] ->
 
play.sbt.PlayExceptions$CompilationException: Compilation error[invalid escape character]
	at play.sbt.PlayExceptions$CompilationException$.apply(PlayExceptions.scala:27)
	at play.sbt.PlayExceptions$CompilationException$.apply(PlayExceptions.scala:27)
	at scala.Option.map(Option.scala:145)
	at play.sbt.run.PlayReload$$anonfun$taskFailureHandler$1.apply(PlayReload.scala:49)
	at play.sbt.run.PlayReload$$anonfun$taskFailureHandler$1.apply(PlayReload.scala:44)
	at scala.Option.map(Option.scala:145)
	at play.sbt.run.PlayReload$.taskFailureHandler(PlayReload.scala:44)
	at play.sbt.run.PlayReload$.compileFailure(PlayReload.scala:40)
	at play.sbt.run.PlayReload$$anonfun$compile$1.apply(PlayReload.scala:17)
	at play.sbt.run.PlayReload$$anonfun$compile$1.apply(PlayReload.scala:17)
	at scala.util.Either$LeftProjection.map(Either.scala:377)
	at play.sbt.run.PlayReload$.compile(PlayReload.scala:17)
	at play.sbt.run.PlayRun$$anonfun$playRunTask$1$$anonfun$apply$2$$anonfun$apply$3$$anonfun$2.apply(PlayRun.scala:61)
	at play.sbt.run.PlayRun$$anonfun$playRunTask$1$$anonfun$apply$2$$anonfun$apply$3$$anonfun$2.apply(PlayRun.scala:61)
	at play.runsupport.Reloader$$anonfun$reload$1.apply(Reloader.scala:339)
	at play.runsupport.Reloader$$anon$3.run(Reloader.scala:44)
	at java.security.AccessController.doPrivileged(Native Method)
	at play.runsupport.Reloader$.play$runsupport$Reloader$$withReloaderContextClassLoader(Reloader.scala:40)
	at play.runsupport.Reloader.reload(Reloader.scala:337)
	at play.core.server.DevServerStart$$anonfun$mainDev$1$$anon$1$$anonfun$get$1.apply(DevServerStart.scala:123)
	at play.core.server.DevServerStart$$anonfun$mainDev$1$$anon$1$$anonfun$get$1.apply(DevServerStart.scala:121)
	at scala.concurrent.impl.Future$PromiseCompletingRunnable.liftedTree1$1(Future.scala:24)
	at scala.concurrent.impl.Future$PromiseCompletingRunnable.run(Future.scala:24)
	at akka.dispatch.TaskInvocation.run(AbstractDispatcher.scala:39)
	at akka.dispatch.ForkJoinExecutorConfigurator$AkkaForkJoinTask.exec(AbstractDispatcher.scala:409)
	at scala.concurrent.forkjoin.ForkJoinTask.doExec(ForkJoinTask.java:260)
	at scala.concurrent.forkjoin.ForkJoinPool$WorkQueue.runTask(ForkJoinPool.java:1339)
	at scala.concurrent.forkjoin.ForkJoinPool.runWorker(ForkJoinPool.java:1979)
	at scala.concurrent.forkjoin.ForkJoinWorkerThread.run(ForkJoinWorkerThread.java:107)
2016-10-21 17:08:23,409 [INFO] from application in application-akka.actor.default-dispatcher-4 - ApplicationTimer demo: Stopping application at 2016-10-21T09:08:23.409Z after 717s.
2016-10-21 17:08:23,409 [INFO] from application in application-akka.actor.default-dispatcher-4 - Shutting down connection pool.
2016-10-21 17:08:23,409 [INFO] from com.zaxxer.hikari.pool.HikariPool in application-akka.actor.default-dispatcher-4 - HikariPool-14 - Close initiated...
2016-10-21 17:08:23,424 [INFO] from com.zaxxer.hikari.pool.HikariPool in application-akka.actor.default-dispatcher-4 - HikariPool-14 - Closed.
2016-10-21 17:08:23,610 [INFO] from application in application-akka.actor.default-dispatcher-4 - Creating Pool for datasource 'default'
2016-10-21 17:08:23,611 [INFO] from com.zaxxer.hikari.HikariDataSource in application-akka.actor.default-dispatcher-4 - HikariPool-15 - Started.
2016-10-21 17:08:23,644 [INFO] from play.api.db.DefaultDBApi in application-akka.actor.default-dispatcher-4 - Database [default] connected at jdbc:mysql://localhost/play
2016-10-21 17:08:23,648 [INFO] from application in application-akka.actor.default-dispatcher-4 - ApplicationTimer demo: Starting application at 2016-10-21T09:08:23.645Z.
2016-10-21 17:08:23,814 [INFO] from akka.event.slf4j.Slf4jLogger in application-akka.actor.default-dispatcher-3 - Slf4jLogger started
2016-10-21 17:08:23,878 [INFO] from play.api.Play in application-akka.actor.default-dispatcher-4 - Application started (Dev)
2016-10-21 17:09:59,386 [INFO] from application in application-akka.actor.default-dispatcher-3 - ApplicationTimer demo: Stopping application at 2016-10-21T09:09:59.386Z after 96s.
2016-10-21 17:09:59,388 [INFO] from application in application-akka.actor.default-dispatcher-3 - Shutting down connection pool.
2016-10-21 17:09:59,388 [INFO] from com.zaxxer.hikari.pool.HikariPool in application-akka.actor.default-dispatcher-3 - HikariPool-15 - Close initiated...
2016-10-21 17:09:59,410 [INFO] from com.zaxxer.hikari.pool.HikariPool in application-akka.actor.default-dispatcher-3 - HikariPool-15 - Closed.
2016-10-21 17:09:59,587 [INFO] from application in application-akka.actor.default-dispatcher-3 - Creating Pool for datasource 'default'
2016-10-21 17:09:59,587 [INFO] from com.zaxxer.hikari.HikariDataSource in application-akka.actor.default-dispatcher-3 - HikariPool-16 - Started.
2016-10-21 17:09:59,619 [INFO] from play.api.db.DefaultDBApi in application-akka.actor.default-dispatcher-3 - Database [default] connected at jdbc:mysql://localhost/play
2016-10-21 17:09:59,637 [INFO] from application in application-akka.actor.default-dispatcher-3 - ApplicationTimer demo: Starting application at 2016-10-21T09:09:59.633Z.
2016-10-21 17:09:59,947 [INFO] from akka.event.slf4j.Slf4jLogger in application-akka.actor.default-dispatcher-2 - Slf4jLogger started
2016-10-21 17:10:00,004 [INFO] from play.api.Play in application-akka.actor.default-dispatcher-3 - Application started (Dev)
2016-10-21 17:10:34,931 [ERROR] from application in netty-event-loop-3 - 

! @71n9h0d48 - Internal server error, for (POST) [/api/users/search] ->
 
play.sbt.PlayExceptions$CompilationException: Compilation error[invalid escape character]
	at play.sbt.PlayExceptions$CompilationException$.apply(PlayExceptions.scala:27)
	at play.sbt.PlayExceptions$CompilationException$.apply(PlayExceptions.scala:27)
	at scala.Option.map(Option.scala:145)
	at play.sbt.run.PlayReload$$anonfun$taskFailureHandler$1.apply(PlayReload.scala:49)
	at play.sbt.run.PlayReload$$anonfun$taskFailureHandler$1.apply(PlayReload.scala:44)
	at scala.Option.map(Option.scala:145)
	at play.sbt.run.PlayReload$.taskFailureHandler(PlayReload.scala:44)
	at play.sbt.run.PlayReload$.compileFailure(PlayReload.scala:40)
	at play.sbt.run.PlayReload$$anonfun$compile$1.apply(PlayReload.scala:17)
	at play.sbt.run.PlayReload$$anonfun$compile$1.apply(PlayReload.scala:17)
	at scala.util.Either$LeftProjection.map(Either.scala:377)
	at play.sbt.run.PlayReload$.compile(PlayReload.scala:17)
	at play.sbt.run.PlayRun$$anonfun$playRunTask$1$$anonfun$apply$2$$anonfun$apply$3$$anonfun$2.apply(PlayRun.scala:61)
	at play.sbt.run.PlayRun$$anonfun$playRunTask$1$$anonfun$apply$2$$anonfun$apply$3$$anonfun$2.apply(PlayRun.scala:61)
	at play.runsupport.Reloader$$anonfun$reload$1.apply(Reloader.scala:339)
	at play.runsupport.Reloader$$anon$3.run(Reloader.scala:44)
	at java.security.AccessController.doPrivileged(Native Method)
	at play.runsupport.Reloader$.play$runsupport$Reloader$$withReloaderContextClassLoader(Reloader.scala:40)
	at play.runsupport.Reloader.reload(Reloader.scala:337)
	at play.core.server.DevServerStart$$anonfun$mainDev$1$$anon$1$$anonfun$get$1.apply(DevServerStart.scala:123)
	at play.core.server.DevServerStart$$anonfun$mainDev$1$$anon$1$$anonfun$get$1.apply(DevServerStart.scala:121)
	at scala.concurrent.impl.Future$PromiseCompletingRunnable.liftedTree1$1(Future.scala:24)
	at scala.concurrent.impl.Future$PromiseCompletingRunnable.run(Future.scala:24)
	at akka.dispatch.TaskInvocation.run(AbstractDispatcher.scala:39)
	at akka.dispatch.ForkJoinExecutorConfigurator$AkkaForkJoinTask.exec(AbstractDispatcher.scala:409)
	at scala.concurrent.forkjoin.ForkJoinTask.doExec(ForkJoinTask.java:260)
	at scala.concurrent.forkjoin.ForkJoinPool$WorkQueue.runTask(ForkJoinPool.java:1339)
	at scala.concurrent.forkjoin.ForkJoinPool.runWorker(ForkJoinPool.java:1979)
	at scala.concurrent.forkjoin.ForkJoinWorkerThread.run(ForkJoinWorkerThread.java:107)
2016-10-21 17:10:45,390 [ERROR] from application in netty-event-loop-3 - 

! @71n9h12ge - Internal server error, for (POST) [/api/users/search] ->
 
play.sbt.PlayExceptions$CompilationException: Compilation error[invalid escape character]
	at play.sbt.PlayExceptions$CompilationException$.apply(PlayExceptions.scala:27)
	at play.sbt.PlayExceptions$CompilationException$.apply(PlayExceptions.scala:27)
	at scala.Option.map(Option.scala:145)
	at play.sbt.run.PlayReload$$anonfun$taskFailureHandler$1.apply(PlayReload.scala:49)
	at play.sbt.run.PlayReload$$anonfun$taskFailureHandler$1.apply(PlayReload.scala:44)
	at scala.Option.map(Option.scala:145)
	at play.sbt.run.PlayReload$.taskFailureHandler(PlayReload.scala:44)
	at play.sbt.run.PlayReload$.compileFailure(PlayReload.scala:40)
	at play.sbt.run.PlayReload$$anonfun$compile$1.apply(PlayReload.scala:17)
	at play.sbt.run.PlayReload$$anonfun$compile$1.apply(PlayReload.scala:17)
	at scala.util.Either$LeftProjection.map(Either.scala:377)
	at play.sbt.run.PlayReload$.compile(PlayReload.scala:17)
	at play.sbt.run.PlayRun$$anonfun$playRunTask$1$$anonfun$apply$2$$anonfun$apply$3$$anonfun$2.apply(PlayRun.scala:61)
	at play.sbt.run.PlayRun$$anonfun$playRunTask$1$$anonfun$apply$2$$anonfun$apply$3$$anonfun$2.apply(PlayRun.scala:61)
	at play.runsupport.Reloader$$anonfun$reload$1.apply(Reloader.scala:339)
	at play.runsupport.Reloader$$anon$3.run(Reloader.scala:44)
	at java.security.AccessController.doPrivileged(Native Method)
	at play.runsupport.Reloader$.play$runsupport$Reloader$$withReloaderContextClassLoader(Reloader.scala:40)
	at play.runsupport.Reloader.reload(Reloader.scala:337)
	at play.core.server.DevServerStart$$anonfun$mainDev$1$$anon$1$$anonfun$get$1.apply(DevServerStart.scala:123)
	at play.core.server.DevServerStart$$anonfun$mainDev$1$$anon$1$$anonfun$get$1.apply(DevServerStart.scala:121)
	at scala.concurrent.impl.Future$PromiseCompletingRunnable.liftedTree1$1(Future.scala:24)
	at scala.concurrent.impl.Future$PromiseCompletingRunnable.run(Future.scala:24)
	at akka.dispatch.TaskInvocation.run(AbstractDispatcher.scala:39)
	at akka.dispatch.ForkJoinExecutorConfigurator$AkkaForkJoinTask.exec(AbstractDispatcher.scala:409)
	at scala.concurrent.forkjoin.ForkJoinTask.doExec(ForkJoinTask.java:260)
	at scala.concurrent.forkjoin.ForkJoinPool$WorkQueue.runTask(ForkJoinPool.java:1339)
	at scala.concurrent.forkjoin.ForkJoinPool.runWorker(ForkJoinPool.java:1979)
	at scala.concurrent.forkjoin.ForkJoinWorkerThread.run(ForkJoinWorkerThread.java:107)
2016-10-21 17:11:46,616 [INFO] from application in application-akka.actor.default-dispatcher-5 - ApplicationTimer demo: Stopping application at 2016-10-21T09:11:46.616Z after 107s.
2016-10-21 17:11:46,617 [INFO] from application in application-akka.actor.default-dispatcher-5 - Shutting down connection pool.
2016-10-21 17:11:46,617 [INFO] from com.zaxxer.hikari.pool.HikariPool in application-akka.actor.default-dispatcher-5 - HikariPool-16 - Close initiated...
2016-10-21 17:11:46,629 [INFO] from com.zaxxer.hikari.pool.HikariPool in application-akka.actor.default-dispatcher-5 - HikariPool-16 - Closed.
2016-10-21 17:11:46,747 [INFO] from application in application-akka.actor.default-dispatcher-5 - Creating Pool for datasource 'default'
2016-10-21 17:11:46,747 [INFO] from com.zaxxer.hikari.HikariDataSource in application-akka.actor.default-dispatcher-5 - HikariPool-17 - Started.
2016-10-21 17:11:46,773 [INFO] from play.api.db.DefaultDBApi in application-akka.actor.default-dispatcher-5 - Database [default] connected at jdbc:mysql://localhost/play
2016-10-21 17:11:46,783 [INFO] from application in application-akka.actor.default-dispatcher-5 - ApplicationTimer demo: Starting application at 2016-10-21T09:11:46.780Z.
2016-10-21 17:11:46,921 [INFO] from akka.event.slf4j.Slf4jLogger in application-akka.actor.default-dispatcher-4 - Slf4jLogger started
2016-10-21 17:11:46,978 [INFO] from play.api.Play in application-akka.actor.default-dispatcher-5 - Application started (Dev)
2016-10-21 17:14:25,553 [INFO] from application in application-akka.actor.default-dispatcher-6 - ApplicationTimer demo: Stopping application at 2016-10-21T09:14:25.553Z after 159s.
2016-10-21 17:14:25,554 [INFO] from application in application-akka.actor.default-dispatcher-6 - Shutting down connection pool.
2016-10-21 17:14:25,554 [INFO] from com.zaxxer.hikari.pool.HikariPool in application-akka.actor.default-dispatcher-6 - HikariPool-17 - Close initiated...
2016-10-21 17:14:25,567 [INFO] from com.zaxxer.hikari.pool.HikariPool in application-akka.actor.default-dispatcher-6 - HikariPool-17 - Closed.
2016-10-21 17:14:25,693 [INFO] from application in application-akka.actor.default-dispatcher-6 - Creating Pool for datasource 'default'
2016-10-21 17:14:25,694 [INFO] from com.zaxxer.hikari.HikariDataSource in application-akka.actor.default-dispatcher-6 - HikariPool-18 - Started.
2016-10-21 17:14:25,755 [INFO] from play.api.db.DefaultDBApi in application-akka.actor.default-dispatcher-6 - Database [default] connected at jdbc:mysql://localhost/play
2016-10-21 17:14:25,760 [INFO] from application in application-akka.actor.default-dispatcher-6 - ApplicationTimer demo: Starting application at 2016-10-21T09:14:25.757Z.
2016-10-21 17:14:25,974 [INFO] from akka.event.slf4j.Slf4jLogger in application-akka.actor.default-dispatcher-2 - Slf4jLogger started
2016-10-21 17:14:26,021 [INFO] from play.api.Play in application-akka.actor.default-dispatcher-6 - Application started (Dev)
2016-10-21 17:17:23,105 [INFO] from application in application-akka.actor.default-dispatcher-6 - ApplicationTimer demo: Stopping application at 2016-10-21T09:17:23.105Z after 178s.
2016-10-21 17:17:23,105 [INFO] from application in application-akka.actor.default-dispatcher-6 - Shutting down connection pool.
2016-10-21 17:17:23,105 [INFO] from com.zaxxer.hikari.pool.HikariPool in application-akka.actor.default-dispatcher-6 - HikariPool-18 - Close initiated...
2016-10-21 17:17:23,120 [INFO] from com.zaxxer.hikari.pool.HikariPool in application-akka.actor.default-dispatcher-6 - HikariPool-18 - Closed.
2016-10-21 17:17:23,214 [INFO] from application in application-akka.actor.default-dispatcher-6 - Creating Pool for datasource 'default'
2016-10-21 17:17:23,215 [INFO] from com.zaxxer.hikari.HikariDataSource in application-akka.actor.default-dispatcher-6 - HikariPool-19 - Started.
2016-10-21 17:17:23,241 [INFO] from play.api.db.DefaultDBApi in application-akka.actor.default-dispatcher-6 - Database [default] connected at jdbc:mysql://localhost/play
2016-10-21 17:17:23,251 [INFO] from application in application-akka.actor.default-dispatcher-6 - ApplicationTimer demo: Starting application at 2016-10-21T09:17:23.242Z.
2016-10-21 17:17:23,422 [INFO] from akka.event.slf4j.Slf4jLogger in application-akka.actor.default-dispatcher-3 - Slf4jLogger started
2016-10-21 17:17:23,465 [INFO] from play.api.Play in application-akka.actor.default-dispatcher-6 - Application started (Dev)
2016-10-21 17:18:05,000 [INFO] from application in application-akka.actor.default-dispatcher-10 - ApplicationTimer demo: Stopping application at 2016-10-21T09:18:05Z after 41s.
2016-10-21 17:18:05,001 [INFO] from application in application-akka.actor.default-dispatcher-10 - Shutting down connection pool.
2016-10-21 17:18:05,001 [INFO] from com.zaxxer.hikari.pool.HikariPool in application-akka.actor.default-dispatcher-10 - HikariPool-19 - Close initiated...
2016-10-21 17:18:05,014 [INFO] from com.zaxxer.hikari.pool.HikariPool in application-akka.actor.default-dispatcher-10 - HikariPool-19 - Closed.
2016-10-21 17:18:05,123 [INFO] from application in application-akka.actor.default-dispatcher-10 - Creating Pool for datasource 'default'
2016-10-21 17:18:05,124 [INFO] from com.zaxxer.hikari.HikariDataSource in application-akka.actor.default-dispatcher-10 - HikariPool-20 - Started.
2016-10-21 17:18:05,150 [INFO] from play.api.db.DefaultDBApi in application-akka.actor.default-dispatcher-10 - Database [default] connected at jdbc:mysql://localhost/play
2016-10-21 17:18:05,159 [INFO] from application in application-akka.actor.default-dispatcher-10 - ApplicationTimer demo: Starting application at 2016-10-21T09:18:05.156Z.
2016-10-21 17:18:05,278 [INFO] from akka.event.slf4j.Slf4jLogger in application-akka.actor.default-dispatcher-4 - Slf4jLogger started
2016-10-21 17:18:05,326 [INFO] from play.api.Play in application-akka.actor.default-dispatcher-10 - Application started (Dev)
2016-10-21 17:25:29,526 [INFO] from application in application-akka.actor.default-dispatcher-9 - ApplicationTimer demo: Stopping application at 2016-10-21T09:25:29.525Z after 444s.
2016-10-21 17:25:29,528 [INFO] from application in application-akka.actor.default-dispatcher-9 - Shutting down connection pool.
2016-10-21 17:25:29,528 [INFO] from com.zaxxer.hikari.pool.HikariPool in application-akka.actor.default-dispatcher-9 - HikariPool-20 - Close initiated...
2016-10-21 17:25:29,544 [INFO] from com.zaxxer.hikari.pool.HikariPool in application-akka.actor.default-dispatcher-9 - HikariPool-20 - Closed.
2016-10-21 17:25:29,670 [INFO] from application in application-akka.actor.default-dispatcher-9 - Creating Pool for datasource 'default'
2016-10-21 17:25:29,671 [INFO] from com.zaxxer.hikari.HikariDataSource in application-akka.actor.default-dispatcher-9 - HikariPool-21 - Started.
2016-10-21 17:25:29,802 [INFO] from play.api.db.DefaultDBApi in application-akka.actor.default-dispatcher-9 - Database [default] connected at jdbc:mysql://localhost/play
2016-10-21 17:25:29,807 [INFO] from application in application-akka.actor.default-dispatcher-9 - ApplicationTimer demo: Starting application at 2016-10-21T09:25:29.804Z.
2016-10-21 17:25:29,971 [INFO] from akka.event.slf4j.Slf4jLogger in application-akka.actor.default-dispatcher-3 - Slf4jLogger started
2016-10-21 17:25:30,003 [INFO] from play.api.Play in application-akka.actor.default-dispatcher-9 - Application started (Dev)
2016-10-21 17:26:22,650 [INFO] from application in application-akka.actor.default-dispatcher-7 - ApplicationTimer demo: Stopping application at 2016-10-21T09:26:22.650Z after 53s.
2016-10-21 17:26:22,651 [INFO] from application in application-akka.actor.default-dispatcher-7 - Shutting down connection pool.
2016-10-21 17:26:22,653 [INFO] from com.zaxxer.hikari.pool.HikariPool in application-akka.actor.default-dispatcher-7 - HikariPool-21 - Close initiated...
2016-10-21 17:26:22,677 [INFO] from com.zaxxer.hikari.pool.HikariPool in application-akka.actor.default-dispatcher-7 - HikariPool-21 - Closed.
2016-10-21 17:26:22,832 [INFO] from application in application-akka.actor.default-dispatcher-7 - Creating Pool for datasource 'default'
2016-10-21 17:26:22,832 [INFO] from com.zaxxer.hikari.HikariDataSource in application-akka.actor.default-dispatcher-7 - HikariPool-22 - Started.
2016-10-21 17:26:22,856 [INFO] from play.api.db.DefaultDBApi in application-akka.actor.default-dispatcher-7 - Database [default] connected at jdbc:mysql://localhost/play
2016-10-21 17:26:22,866 [INFO] from application in application-akka.actor.default-dispatcher-7 - ApplicationTimer demo: Starting application at 2016-10-21T09:26:22.862Z.
2016-10-21 17:26:23,081 [INFO] from akka.event.slf4j.Slf4jLogger in application-akka.actor.default-dispatcher-3 - Slf4jLogger started
2016-10-21 17:26:23,159 [INFO] from play.api.Play in application-akka.actor.default-dispatcher-7 - Application started (Dev)
2016-10-21 17:27:11,982 [INFO] from application in application-akka.actor.default-dispatcher-7 - ApplicationTimer demo: Stopping application at 2016-10-21T09:27:11.982Z after 49s.
2016-10-21 17:27:11,983 [INFO] from application in application-akka.actor.default-dispatcher-7 - Shutting down connection pool.
2016-10-21 17:27:11,983 [INFO] from com.zaxxer.hikari.pool.HikariPool in application-akka.actor.default-dispatcher-7 - HikariPool-22 - Close initiated...
2016-10-21 17:27:11,993 [INFO] from com.zaxxer.hikari.pool.HikariPool in application-akka.actor.default-dispatcher-7 - HikariPool-22 - Closed.
2016-10-21 17:27:12,072 [INFO] from application in application-akka.actor.default-dispatcher-7 - Creating Pool for datasource 'default'
2016-10-21 17:27:12,073 [INFO] from com.zaxxer.hikari.HikariDataSource in application-akka.actor.default-dispatcher-7 - HikariPool-23 - Started.
2016-10-21 17:27:12,098 [INFO] from play.api.db.DefaultDBApi in application-akka.actor.default-dispatcher-7 - Database [default] connected at jdbc:mysql://localhost/play
2016-10-21 17:27:12,107 [INFO] from application in application-akka.actor.default-dispatcher-7 - ApplicationTimer demo: Starting application at 2016-10-21T09:27:12.104Z.
2016-10-21 17:27:12,209 [INFO] from akka.event.slf4j.Slf4jLogger in application-akka.actor.default-dispatcher-6 - Slf4jLogger started
2016-10-21 17:27:12,241 [INFO] from play.api.Play in application-akka.actor.default-dispatcher-7 - Application started (Dev)
